<?xml version="1.0" encoding="UTF-8"?>
<testng-results ignored="0" total="3" passed="3" failed="0" skipped="0">
  <reporter-output>
  </reporter-output>
  <suite started-at="2024-11-11T15:17:37 IST" name="Default suite" finished-at="2024-11-11T15:19:32 IST" duration-ms="115026">
    <groups>
      <group name="cucumber">
        <method signature="AbstractTestNGCucumberTests.runScenario(io.cucumber.testng.PickleWrapper,io.cucumber.testng.FeatureWrapper)[pri:0, instance:testRunner.TestRunner@47eaca72]" name="runScenario" class="io.cucumber.testng.AbstractTestNGCucumberTests"/>
      </group> <!-- cucumber -->
    </groups>
    <test started-at="2024-11-11T15:17:37 IST" name="Default test" finished-at="2024-11-11T15:19:32 IST" duration-ms="115026">
      <class name="testRunner.TestRunner">
        <test-method is-config="true" signature="setUpClass(org.testng.ITestContext)[pri:0, instance:testRunner.TestRunner@47eaca72]" started-at="2024-11-11T15:17:37 IST" name="setUpClass" finished-at="2024-11-11T15:17:38 IST" duration-ms="688" status="PASS">
          <params>
            <param index="0">
              <value>
                <![CDATA[org.testng.TestRunner@77cc6a28]]>
              </value>
            </param>
          </params>
          <reporter-output>
          </reporter-output>
        </test-method> <!-- setUpClass -->
        <test-method signature="runScenario(io.cucumber.testng.PickleWrapper,io.cucumber.testng.FeatureWrapper)[pri:0, instance:testRunner.TestRunner@47eaca72]" started-at="2024-11-11T15:17:38 IST" name="runScenario" description="Runs Cucumber Scenarios" data-provider="scenarios" finished-at="2024-11-11T15:18:25 IST" duration-ms="47131" status="PASS">
          <params>
            <param index="0">
              <value>
                <![CDATA["View upcoming Honda bikes under 4Lac on ZigWheels"]]>
              </value>
            </param>
            <param index="1">
              <value>
                <![CDATA["Display upcoming Honda bikes under 4Lac in India on ZigWheels"]]>
              </value>
            </param>
          </params>
          <reporter-output>
          </reporter-output>
        </test-method> <!-- runScenario -->
        <test-method signature="runScenario(io.cucumber.testng.PickleWrapper,io.cucumber.testng.FeatureWrapper)[pri:0, instance:testRunner.TestRunner@47eaca72]" started-at="2024-11-11T15:18:25 IST" name="runScenario" description="Runs Cucumber Scenarios" data-provider="scenarios" finished-at="2024-11-11T15:18:39 IST" duration-ms="13386" status="PASS">
          <params>
            <param index="0">
              <value>
                <![CDATA["View popular used car models in Chennai"]]>
              </value>
            </param>
            <param index="1">
              <value>
                <![CDATA["Display popular used car models in Chennai"]]>
              </value>
            </param>
          </params>
          <reporter-output>
          </reporter-output>
        </test-method> <!-- runScenario -->
        <test-method signature="runScenario(io.cucumber.testng.PickleWrapper,io.cucumber.testng.FeatureWrapper)[pri:0, instance:testRunner.TestRunner@47eaca72]" started-at="2024-11-11T15:18:39 IST" name="runScenario" description="Runs Cucumber Scenarios" data-provider="scenarios" finished-at="2024-11-11T15:19:30 IST" duration-ms="50952" status="PASS">
          <params>
            <param index="0">
              <value>
                <![CDATA["Login with invalid Google account details"]]>
              </value>
            </param>
            <param index="1">
              <value>
                <![CDATA["Google Login"]]>
              </value>
            </param>
          </params>
          <reporter-output>
          </reporter-output>
        </test-method> <!-- runScenario -->
        <test-method is-config="true" signature="tearDownClass()[pri:0, instance:testRunner.TestRunner@47eaca72]" started-at="2024-11-11T15:19:30 IST" name="tearDownClass" finished-at="2024-11-11T15:19:32 IST" duration-ms="2836" status="PASS">
          <reporter-output>
          </reporter-output>
        </test-method> <!-- tearDownClass -->
      </class> <!-- testRunner.TestRunner -->
    </test> <!-- Default test -->
  </suite> <!-- Default suite -->
</testng-results>
