<?xml version="1.0" encoding="UTF-8"?>
<!-- Generated by org.testng.reporters.JUnitReportReporter -->
<testsuite hostname="LTIN509457" failures="0" tests="3" name="testRunner.TestRunner" time="53.938" errors="1" timestamp="2024-11-10T22:26:26 IST" skipped="0">
  <testcase classname="testRunner.TestRunner" name="runScenario" time="29.436"/>
  <system-out/>
  <testcase classname="testRunner.TestRunner" name="runScenario" time="10.856">
    <error message="Index 1 out of bounds for length 1" type="java.lang.IndexOutOfBoundsException">
      <![CDATA[java.lang.IndexOutOfBoundsException: Index 1 out of bounds for length 1
at java.base/jdk.internal.util.Preconditions.outOfBounds(Preconditions.java:64)
at java.base/jdk.internal.util.Preconditions.outOfBoundsCheckIndex(Preconditions.java:70)
at java.base/jdk.internal.util.Preconditions.checkIndex(Preconditions.java:266)
at java.base/java.util.Objects.checkIndex(Objects.java:359)
at java.base/java.util.ArrayList.get(ArrayList.java:427)
at pageObjects.LoginPage.switchTowindow(LoginPage.java:63)
at stepDefinitions.LoginSteps.the_user_switches_to_the_new_window(LoginSteps.java:26)
at ✽.the user switches to the new window(file:///C:/Users/2320748/eclipse-workspace/IdentifyNewBikes/./Features/ZigWheelsLogin.feature:8)
]]>
    </error>
  </testcase> <!-- runScenario -->
  <system-out/>
  <testcase classname="testRunner.TestRunner" name="runScenario" time="13.646"/>
  <system-out/>
</testsuite> <!-- testRunner.TestRunner -->
